--------------- Rebuild Started: 07/23/2017 13:53:49 Project: 1-BlinkingLED, Configuration: ARM GCC 5.4-2016-q2-update Debug ---------------
Deleting file ".\CortexM0\ARM_GCC_541\Debug\croutine.o"
Deleting file ".\CortexM0\ARM_GCC_541\Debug\event_groups.o"
Deleting file ".\CortexM0\ARM_GCC_541\Debug\heap_4.o"
Deleting file ".\CortexM0\ARM_GCC_541\Debug\list.o"
Deleting file ".\CortexM0\ARM_GCC_541\Debug\port.o"
Deleting file ".\CortexM0\ARM_GCC_541\Debug\queue.o"
Deleting file ".\CortexM0\ARM_GCC_541\Debug\tasks.o"
Deleting file ".\CortexM0\ARM_GCC_541\Debug\timers.o"
Deleting file ".\CortexM0\ARM_GCC_541\Debug\trcKernelPort.o"
Deleting file ".\CortexM0\ARM_GCC_541\Debug\trcSnapshotRecorder.o"
Deleting file ".\CortexM0\ARM_GCC_541\Debug\trcStreamingRecorder.o"
Deleting file ".\CortexM0\ARM_GCC_541\Debug\main.o"
Deleting file ".\CortexM0\ARM_GCC_541\Debug\cyfitter_cfg.o"
Deleting file ".\CortexM0\ARM_GCC_541\Debug\cymetadata.o"
Deleting file ".\CortexM0\ARM_GCC_541\Debug\RED.o"
Deleting file ".\CortexM0\ARM_GCC_541\Debug\RED_PM.o"
Deleting file ".\CortexM0\ARM_GCC_541\Debug\Cm0Start.o"
Deleting file ".\CortexM0\ARM_GCC_541\Debug\CyBootAsmGnu.o"
Deleting file ".\CortexM0\ARM_GCC_541\Debug\CyFlash.o"
Deleting file ".\CortexM0\ARM_GCC_541\Debug\CyLib.o"
Deleting file ".\CortexM0\ARM_GCC_541\Debug\cyPm.o"
Deleting file ".\CortexM0\ARM_GCC_541\Debug\cyutils.o"
Deleting file ".\CortexM0\ARM_GCC_541\Debug\CyDMA.o"
Deleting file ".\CortexM0\ARM_GCC_541\Debug\CyLFClk.o"
Deleting file ".\CortexM0\ARM_GCC_541\Debug\1-BlinkingLED.hex"
Deleting file ".\CortexM0\ARM_GCC_541\Debug\1-BlinkingLED.elf"
Deleting file ".\CortexM0\ARM_GCC_541\Debug\1-BlinkingLED.map"
Deleting file ".\1-BlinkingLED.cycdx"
Deleting file ".\1-BlinkingLED.rpt"
Deleting file ".\1-BlinkingLED_timing.html"
Deleting file ".\CortexM0\ARM_GCC_541\Debug\.deps\SOURCE_C__ARM_GCC_GENERIC.P"
Deleting file ".\CortexM0\ARM_GCC_541\Debug\.deps\SOURCE_ASM__ARM_GCC_GENERIC.P"
cydsfit.exe -.appdatapath "C:\Users\arh\AppData\Local\Cypress Semiconductor\PSoC Creator\4.1" -.fdsnotice -.fdswarpdepfile=warp_dependencies.txt -.fdselabdepfile=elab_dependencies.txt -.fdsbldfile=generated_files.txt -.fdsreffile=referenced_files.txt -p "\\vmware-host\Shared Folders\Documents\iotexpert-projects\PSoC-Tracelyzer\1-BlinkingLED.cydsn\1-BlinkingLED.cyprj" -d CY8C4247AZI-M485 -s "\\vmware-host\Shared Folders\Documents\iotexpert-projects\PSoC-Tracelyzer\1-BlinkingLED.cydsn\Generated_Source\PSoC4" -- -yv2 -q10 -ygs -o2 -v3 -.fftcfgtype=LE
Elaborating Design...
HDL Generation...
Synthesis...
Tech Mapping...
Analog Placement...
Analog Routing...
Analog Code Generation...
Digital Placement...
Digital Routing...
Bitstream Generation...
Bitstream Verification...
Static timing analysis...
API Generation...
Dependency Generation...
Cleanup...
arm-none-eabi-gcc.exe -c ..\..\..\FreeRTOSv9.0.0\FreeRTOS\Source\croutine.c -o .\CortexM0\ARM_GCC_541\Debug\croutine.o -mcpu=cortex-m0 -mthumb -I..\..\..\FreeRTOSv9.0.0\FreeRTOS\Source\include -I..\..\..\FreeRTOSv9.0.0\FreeRTOS\Source\portable\GCC\ARM_CM0 -I..\..\TraceRecorder\include -I. -IGenerated_Source\PSoC4 -Wa,-alh=.\CortexM0\ARM_GCC_541\Debug/croutine.lst -g -D DEBUG -Wall -ffunction-sections -ffat-lto-objects -Og
arm-none-eabi-gcc.exe -c ..\..\..\FreeRTOSv9.0.0\FreeRTOS\Source\event_groups.c -o .\CortexM0\ARM_GCC_541\Debug\event_groups.o -mcpu=cortex-m0 -mthumb -I..\..\..\FreeRTOSv9.0.0\FreeRTOS\Source\include -I..\..\..\FreeRTOSv9.0.0\FreeRTOS\Source\portable\GCC\ARM_CM0 -I..\..\TraceRecorder\include -I. -IGenerated_Source\PSoC4 -Wa,-alh=.\CortexM0\ARM_GCC_541\Debug/event_groups.lst -g -D DEBUG -Wall -ffunction-sections -ffat-lto-objects -Og
arm-none-eabi-gcc.exe -c ..\..\..\FreeRTOSv9.0.0\FreeRTOS\Source\portable\MemMang\heap_4.c -o .\CortexM0\ARM_GCC_541\Debug\heap_4.o -mcpu=cortex-m0 -mthumb -I..\..\..\FreeRTOSv9.0.0\FreeRTOS\Source\include -I..\..\..\FreeRTOSv9.0.0\FreeRTOS\Source\portable\GCC\ARM_CM0 -I..\..\TraceRecorder\include -I. -IGenerated_Source\PSoC4 -Wa,-alh=.\CortexM0\ARM_GCC_541\Debug/heap_4.lst -g -D DEBUG -Wall -ffunction-sections -ffat-lto-objects -Og
arm-none-eabi-gcc.exe -c ..\..\..\FreeRTOSv9.0.0\FreeRTOS\Source\list.c -o .\CortexM0\ARM_GCC_541\Debug\list.o -mcpu=cortex-m0 -mthumb -I..\..\..\FreeRTOSv9.0.0\FreeRTOS\Source\include -I..\..\..\FreeRTOSv9.0.0\FreeRTOS\Source\portable\GCC\ARM_CM0 -I..\..\TraceRecorder\include -I. -IGenerated_Source\PSoC4 -Wa,-alh=.\CortexM0\ARM_GCC_541\Debug/list.lst -g -D DEBUG -Wall -ffunction-sections -ffat-lto-objects -Og
arm-none-eabi-gcc.exe -c ..\..\..\FreeRTOSv9.0.0\FreeRTOS\Source\portable\GCC\ARM_CM0\port.c -o .\CortexM0\ARM_GCC_541\Debug\port.o -mcpu=cortex-m0 -mthumb -I..\..\..\FreeRTOSv9.0.0\FreeRTOS\Source\include -I..\..\..\FreeRTOSv9.0.0\FreeRTOS\Source\portable\GCC\ARM_CM0 -I..\..\TraceRecorder\include -I. -IGenerated_Source\PSoC4 -Wa,-alh=.\CortexM0\ARM_GCC_541\Debug/port.lst -g -D DEBUG -Wall -ffunction-sections -ffat-lto-objects -Og
arm-none-eabi-gcc.exe -c ..\..\..\FreeRTOSv9.0.0\FreeRTOS\Source\queue.c -o .\CortexM0\ARM_GCC_541\Debug\queue.o -mcpu=cortex-m0 -mthumb -I..\..\..\FreeRTOSv9.0.0\FreeRTOS\Source\include -I..\..\..\FreeRTOSv9.0.0\FreeRTOS\Source\portable\GCC\ARM_CM0 -I..\..\TraceRecorder\include -I. -IGenerated_Source\PSoC4 -Wa,-alh=.\CortexM0\ARM_GCC_541\Debug/queue.lst -g -D DEBUG -Wall -ffunction-sections -ffat-lto-objects -Og
arm-none-eabi-gcc.exe -c ..\..\..\FreeRTOSv9.0.0\FreeRTOS\Source\tasks.c -o .\CortexM0\ARM_GCC_541\Debug\tasks.o -mcpu=cortex-m0 -mthumb -I..\..\..\FreeRTOSv9.0.0\FreeRTOS\Source\include -I..\..\..\FreeRTOSv9.0.0\FreeRTOS\Source\portable\GCC\ARM_CM0 -I..\..\TraceRecorder\include -I. -IGenerated_Source\PSoC4 -Wa,-alh=.\CortexM0\ARM_GCC_541\Debug/tasks.lst -g -D DEBUG -Wall -ffunction-sections -ffat-lto-objects -Og
arm-none-eabi-gcc.exe -c ..\..\..\FreeRTOSv9.0.0\FreeRTOS\Source\timers.c -o .\CortexM0\ARM_GCC_541\Debug\timers.o -mcpu=cortex-m0 -mthumb -I..\..\..\FreeRTOSv9.0.0\FreeRTOS\Source\include -I..\..\..\FreeRTOSv9.0.0\FreeRTOS\Source\portable\GCC\ARM_CM0 -I..\..\TraceRecorder\include -I. -IGenerated_Source\PSoC4 -Wa,-alh=.\CortexM0\ARM_GCC_541\Debug/timers.lst -g -D DEBUG -Wall -ffunction-sections -ffat-lto-objects -Og
arm-none-eabi-gcc.exe -c ..\..\TraceRecorder\trcKernelPort.c -o .\CortexM0\ARM_GCC_541\Debug\trcKernelPort.o -mcpu=cortex-m0 -mthumb -I..\..\..\FreeRTOSv9.0.0\FreeRTOS\Source\include -I..\..\..\FreeRTOSv9.0.0\FreeRTOS\Source\portable\GCC\ARM_CM0 -I..\..\TraceRecorder\include -I. -IGenerated_Source\PSoC4 -Wa,-alh=.\CortexM0\ARM_GCC_541\Debug/trcKernelPort.lst -g -D DEBUG -Wall -ffunction-sections -ffat-lto-objects -Og
arm-none-eabi-gcc.exe -c ..\..\TraceRecorder\trcSnapshotRecorder.c -o .\CortexM0\ARM_GCC_541\Debug\trcSnapshotRecorder.o -mcpu=cortex-m0 -mthumb -I..\..\..\FreeRTOSv9.0.0\FreeRTOS\Source\include -I..\..\..\FreeRTOSv9.0.0\FreeRTOS\Source\portable\GCC\ARM_CM0 -I..\..\TraceRecorder\include -I. -IGenerated_Source\PSoC4 -Wa,-alh=.\CortexM0\ARM_GCC_541\Debug/trcSnapshotRecorder.lst -g -D DEBUG -Wall -ffunction-sections -ffat-lto-objects -Og
arm-none-eabi-gcc.exe -c ..\..\TraceRecorder\trcStreamingRecorder.c -o .\CortexM0\ARM_GCC_541\Debug\trcStreamingRecorder.o -mcpu=cortex-m0 -mthumb -I..\..\..\FreeRTOSv9.0.0\FreeRTOS\Source\include -I..\..\..\FreeRTOSv9.0.0\FreeRTOS\Source\portable\GCC\ARM_CM0 -I..\..\TraceRecorder\include -I. -IGenerated_Source\PSoC4 -Wa,-alh=.\CortexM0\ARM_GCC_541\Debug/trcStreamingRecorder.lst -g -D DEBUG -Wall -ffunction-sections -ffat-lto-objects -Og
arm-none-eabi-gcc.exe -c main.c -o .\CortexM0\ARM_GCC_541\Debug\main.o -mcpu=cortex-m0 -mthumb -I..\..\..\FreeRTOSv9.0.0\FreeRTOS\Source\include -I..\..\..\FreeRTOSv9.0.0\FreeRTOS\Source\portable\GCC\ARM_CM0 -I..\..\TraceRecorder\include -I. -IGenerated_Source\PSoC4 -Wa,-alh=.\CortexM0\ARM_GCC_541\Debug/main.lst -g -D DEBUG -Wall -ffunction-sections -ffat-lto-objects -Og
arm-none-eabi-gcc.exe -c Generated_Source\PSoC4\cyfitter_cfg.c -o .\CortexM0\ARM_GCC_541\Debug\cyfitter_cfg.o -mcpu=cortex-m0 -mthumb -I..\..\..\FreeRTOSv9.0.0\FreeRTOS\Source\include -I..\..\..\FreeRTOSv9.0.0\FreeRTOS\Source\portable\GCC\ARM_CM0 -I..\..\TraceRecorder\include -I. -IGenerated_Source\PSoC4 -Wa,-alh=.\CortexM0\ARM_GCC_541\Debug/cyfitter_cfg.lst -g -D DEBUG -Wall -ffunction-sections -ffat-lto-objects -Og
arm-none-eabi-gcc.exe -c Generated_Source\PSoC4\cymetadata.c -o .\CortexM0\ARM_GCC_541\Debug\cymetadata.o -mcpu=cortex-m0 -mthumb -I..\..\..\FreeRTOSv9.0.0\FreeRTOS\Source\include -I..\..\..\FreeRTOSv9.0.0\FreeRTOS\Source\portable\GCC\ARM_CM0 -I..\..\TraceRecorder\include -I. -IGenerated_Source\PSoC4 -Wa,-alh=.\CortexM0\ARM_GCC_541\Debug/cymetadata.lst -g -D DEBUG -Wall -ffunction-sections -ffat-lto-objects -Og
arm-none-eabi-gcc.exe -c Generated_Source\PSoC4\RED.c -o .\CortexM0\ARM_GCC_541\Debug\RED.o -mcpu=cortex-m0 -mthumb -I..\..\..\FreeRTOSv9.0.0\FreeRTOS\Source\include -I..\..\..\FreeRTOSv9.0.0\FreeRTOS\Source\portable\GCC\ARM_CM0 -I..\..\TraceRecorder\include -I. -IGenerated_Source\PSoC4 -Wa,-alh=.\CortexM0\ARM_GCC_541\Debug/RED.lst -g -D DEBUG -Wall -ffunction-sections -ffat-lto-objects -Og
arm-none-eabi-gcc.exe -c Generated_Source\PSoC4\RED_PM.c -o .\CortexM0\ARM_GCC_541\Debug\RED_PM.o -mcpu=cortex-m0 -mthumb -I..\..\..\FreeRTOSv9.0.0\FreeRTOS\Source\include -I..\..\..\FreeRTOSv9.0.0\FreeRTOS\Source\portable\GCC\ARM_CM0 -I..\..\TraceRecorder\include -I. -IGenerated_Source\PSoC4 -Wa,-alh=.\CortexM0\ARM_GCC_541\Debug/RED_PM.lst -g -D DEBUG -Wall -ffunction-sections -ffat-lto-objects -Og
arm-none-eabi-gcc.exe -c Generated_Source\PSoC4\Cm0Start.c -o .\CortexM0\ARM_GCC_541\Debug\Cm0Start.o -mcpu=cortex-m0 -mthumb -I..\..\..\FreeRTOSv9.0.0\FreeRTOS\Source\include -I..\..\..\FreeRTOSv9.0.0\FreeRTOS\Source\portable\GCC\ARM_CM0 -I..\..\TraceRecorder\include -I. -IGenerated_Source\PSoC4 -Wa,-alh=.\CortexM0\ARM_GCC_541\Debug/Cm0Start.lst -g -D DEBUG -Wall -ffunction-sections -ffat-lto-objects -Og
arm-none-eabi-gcc.exe -c Generated_Source\PSoC4\CyFlash.c -o .\CortexM0\ARM_GCC_541\Debug\CyFlash.o -mcpu=cortex-m0 -mthumb -I..\..\..\FreeRTOSv9.0.0\FreeRTOS\Source\include -I..\..\..\FreeRTOSv9.0.0\FreeRTOS\Source\portable\GCC\ARM_CM0 -I..\..\TraceRecorder\include -I. -IGenerated_Source\PSoC4 -Wa,-alh=.\CortexM0\ARM_GCC_541\Debug/CyFlash.lst -g -D DEBUG -Wall -ffunction-sections -ffat-lto-objects -Og
arm-none-eabi-gcc.exe -c Generated_Source\PSoC4\CyLib.c -o .\CortexM0\ARM_GCC_541\Debug\CyLib.o -mcpu=cortex-m0 -mthumb -I..\..\..\FreeRTOSv9.0.0\FreeRTOS\Source\include -I..\..\..\FreeRTOSv9.0.0\FreeRTOS\Source\portable\GCC\ARM_CM0 -I..\..\TraceRecorder\include -I. -IGenerated_Source\PSoC4 -Wa,-alh=.\CortexM0\ARM_GCC_541\Debug/CyLib.lst -g -D DEBUG -Wall -ffunction-sections -ffat-lto-objects -Og
arm-none-eabi-gcc.exe -c Generated_Source\PSoC4\cyPm.c -o .\CortexM0\ARM_GCC_541\Debug\cyPm.o -mcpu=cortex-m0 -mthumb -I..\..\..\FreeRTOSv9.0.0\FreeRTOS\Source\include -I..\..\..\FreeRTOSv9.0.0\FreeRTOS\Source\portable\GCC\ARM_CM0 -I..\..\TraceRecorder\include -I. -IGenerated_Source\PSoC4 -Wa,-alh=.\CortexM0\ARM_GCC_541\Debug/cyPm.lst -g -D DEBUG -Wall -ffunction-sections -ffat-lto-objects -Og
arm-none-eabi-gcc.exe -c Generated_Source\PSoC4\cyutils.c -o .\CortexM0\ARM_GCC_541\Debug\cyutils.o -mcpu=cortex-m0 -mthumb -I..\..\..\FreeRTOSv9.0.0\FreeRTOS\Source\include -I..\..\..\FreeRTOSv9.0.0\FreeRTOS\Source\portable\GCC\ARM_CM0 -I..\..\TraceRecorder\include -I. -IGenerated_Source\PSoC4 -Wa,-alh=.\CortexM0\ARM_GCC_541\Debug/cyutils.lst -g -D DEBUG -Wall -ffunction-sections -ffat-lto-objects -Og
arm-none-eabi-gcc.exe -c Generated_Source\PSoC4\CyDMA.c -o .\CortexM0\ARM_GCC_541\Debug\CyDMA.o -mcpu=cortex-m0 -mthumb -I..\..\..\FreeRTOSv9.0.0\FreeRTOS\Source\include -I..\..\..\FreeRTOSv9.0.0\FreeRTOS\Source\portable\GCC\ARM_CM0 -I..\..\TraceRecorder\include -I. -IGenerated_Source\PSoC4 -Wa,-alh=.\CortexM0\ARM_GCC_541\Debug/CyDMA.lst -g -D DEBUG -Wall -ffunction-sections -ffat-lto-objects -Og
arm-none-eabi-gcc.exe -c Generated_Source\PSoC4\CyLFClk.c -o .\CortexM0\ARM_GCC_541\Debug\CyLFClk.o -mcpu=cortex-m0 -mthumb -I..\..\..\FreeRTOSv9.0.0\FreeRTOS\Source\include -I..\..\..\FreeRTOSv9.0.0\FreeRTOS\Source\portable\GCC\ARM_CM0 -I..\..\TraceRecorder\include -I. -IGenerated_Source\PSoC4 -Wa,-alh=.\CortexM0\ARM_GCC_541\Debug/CyLFClk.lst -g -D DEBUG -Wall -ffunction-sections -ffat-lto-objects -Og
arm-none-eabi-as.exe -o .\CortexM0\ARM_GCC_541\Debug\CyBootAsmGnu.o Generated_Source\PSoC4\CyBootAsmGnu.s -mcpu=cortex-m0 -mthumb -I. -IGenerated_Source\PSoC4 -alh=.\CortexM0\ARM_GCC_541\Debug/CyBootAsmGnu.lst -g -W
arm-none-eabi-ar.exe -rs .\CortexM0\ARM_GCC_541\Debug\1-BlinkingLED.a .\CortexM0\ARM_GCC_541\Debug\RED.o .\CortexM0\ARM_GCC_541\Debug\RED_PM.o .\CortexM0\ARM_GCC_541\Debug\CyFlash.o .\CortexM0\ARM_GCC_541\Debug\CyLib.o .\CortexM0\ARM_GCC_541\Debug\cyPm.o .\CortexM0\ARM_GCC_541\Debug\cyutils.o .\CortexM0\ARM_GCC_541\Debug\CyDMA.o .\CortexM0\ARM_GCC_541\Debug\CyLFClk.o .\CortexM0\ARM_GCC_541\Debug\CyBootAsmGnu.o
arm-none-eabi-ar.exe: creating .\CortexM0\ARM_GCC_541\Debug\1-BlinkingLED.a
arm-none-eabi-gcc.exe -Wl,--start-group -o "\\vmware-host\Shared Folders\Documents\iotexpert-projects\PSoC-Tracelyzer\1-BlinkingLED.cydsn\CortexM0\ARM_GCC_541\Debug\1-BlinkingLED.elf" .\CortexM0\ARM_GCC_541\Debug\croutine.o .\CortexM0\ARM_GCC_541\Debug\event_groups.o .\CortexM0\ARM_GCC_541\Debug\heap_4.o .\CortexM0\ARM_GCC_541\Debug\list.o .\CortexM0\ARM_GCC_541\Debug\port.o .\CortexM0\ARM_GCC_541\Debug\queue.o .\CortexM0\ARM_GCC_541\Debug\tasks.o .\CortexM0\ARM_GCC_541\Debug\timers.o .\CortexM0\ARM_GCC_541\Debug\trcKernelPort.o .\CortexM0\ARM_GCC_541\Debug\trcSnapshotRecorder.o .\CortexM0\ARM_GCC_541\Debug\trcStreamingRecorder.o .\CortexM0\ARM_GCC_541\Debug\main.o .\CortexM0\ARM_GCC_541\Debug\cyfitter_cfg.o .\CortexM0\ARM_GCC_541\Debug\cymetadata.o .\CortexM0\ARM_GCC_541\Debug\Cm0Start.o .\CortexM0\ARM_GCC_541\Debug\1-BlinkingLED.a "C:\Program Files (x86)\Cypress\PSoC Creator\4.1\PSoC Creator\psoc\content\cycomponentlibrary\CyComponentLibrary.cylib\CortexM0\ARM_GCC_541\Debug\CyComponentLibrary.a" -mcpu=cortex-m0 -mthumb -L Generated_Source\PSoC4 -Wl,-Map,.\CortexM0\ARM_GCC_541\Debug/1-BlinkingLED.map -T Generated_Source\PSoC4\cm0gcc.ld -specs=nano.specs -Wl,--gc-sections -g -ffunction-sections -Og -ffat-lto-objects -Wl,--end-group
cyelftool.exe -C "\\vmware-host\Shared Folders\Documents\iotexpert-projects\PSoC-Tracelyzer\1-BlinkingLED.cydsn\CortexM0\ARM_GCC_541\Debug\1-BlinkingLED.elf" --flash_row_size 128 --flash_size 131072 --flash_offset 0x00000000
cyelftool.exe -S "\\vmware-host\Shared Folders\Documents\iotexpert-projects\PSoC-Tracelyzer\1-BlinkingLED.cydsn\CortexM0\ARM_GCC_541\Debug\1-BlinkingLED.elf"
Flash used: 22590 of 131072 bytes (17.2 %).
SRAM used: 15544 of 16384 bytes (94.9 %). Stack: 512 bytes. Heap: 0 bytes.
--------------- Rebuild Succeeded: 07/23/2017 13:54:39 ---------------
